<?xml version="1.0" encoding="UTF-8"?>
<!-- Generated by org.testng.reporters.JUnitXMLReporter -->
<testsuite ignored="0" hostname="adnans-mbp.lan" failures="1" tests="2" name="Test One" time="0.033" errors="0" timestamp="2020-11-10T15:41:24 EST">
  <testcase classname="com.test.one.BaseTest" name="TestOne" time="0.004"/>
  <testcase classname="com.test.one.BaseTest" name="TestTwo" time="0.0">
    <failure type="org.testng.TestNGException" message="
Method TestTwo requires 3 parameters but 1 were supplied in the @Test annotation.">
      <![CDATA[org.testng.TestNGException: 
Method TestTwo requires 3 parameters but 1 were supplied in the @Test annotation.
at java.base/java.util.ArrayList.forEach(ArrayList.java:1541)
... Removed 26 stack frames]]>
    </failure>
  </testcase> <!-- TestTwo -->
</testsuite> <!-- Test One -->
